0 info it worked if it ends with ok
1 verbose cli [ '/usr/local/bin/iojs',
1 verbose cli   '/usr/local/bin/npm',
1 verbose cli   'i',
1 verbose cli   '-g',
1 verbose cli   '@seabass/eslint-config' ]
2 info using npm@2.15.11
3 info using node@v7.5.0
4 verbose install initial load of /usr/local/lib/package.json
5 verbose readDependencies loading dependencies from /usr/local/lib/package.json
6 silly cache add args [ '@seabass/eslint-config', null ]
7 verbose cache add spec @seabass/eslint-config
8 silly cache add parsed spec Result {
8 silly cache add   raw: '@seabass/eslint-config',
8 silly cache add   scope: '@seabass',
8 silly cache add   name: '@seabass/eslint-config',
8 silly cache add   rawSpec: '',
8 silly cache add   spec: 'latest',
8 silly cache add   type: 'tag' }
9 silly addNamed @seabass/eslint-config@latest
10 verbose addNamed "latest" is being treated as a dist-tag for @seabass/eslint-config
11 info addNameTag [ '@seabass/eslint-config', 'latest' ]
12 silly mapToRegistry name @seabass/eslint-config
13 silly mapToRegistry scope (from package name) @seabass
14 verbose mapToRegistry no registry URL found in name for scope @seabass
15 silly mapToRegistry using default registry
16 silly mapToRegistry registry https://registry.npmjs.org/
17 silly mapToRegistry data Result {
17 silly mapToRegistry   raw: '@seabass/eslint-config',
17 silly mapToRegistry   scope: '@seabass',
17 silly mapToRegistry   name: '@seabass/eslint-config',
17 silly mapToRegistry   rawSpec: '',
17 silly mapToRegistry   spec: 'latest',
17 silly mapToRegistry   type: 'tag' }
18 silly mapToRegistry uri https://registry.npmjs.org/@seabass%2feslint-config
19 verbose addNameTag registry:https://registry.npmjs.org/@seabass%2feslint-config not in flight; fetching
20 verbose request uri https://registry.npmjs.org/@seabass%2feslint-config
21 verbose request no auth needed
22 info attempt registry request try #1 at 1:08:01 PM
23 verbose request using bearer token for auth
24 verbose request id 13b2b8062acc24b4
25 http request GET https://registry.npmjs.org/@seabass%2feslint-config
26 http 200 https://registry.npmjs.org/@seabass%2feslint-config
27 verbose headers { 'content-type': 'application/json',
27 verbose headers   server: 'nginx/1.10.1',
27 verbose headers   'last-modified': 'Thu, 06 Apr 2017 20:07:52 GMT',
27 verbose headers   etag: 'W/"58e6a018-536e"',
27 verbose headers   'content-encoding': 'gzip',
27 verbose headers   'cache-control': 'max-age=0',
27 verbose headers   'transfer-encoding': 'chunked',
27 verbose headers   'accept-ranges': 'bytes',
27 verbose headers   date: 'Thu, 06 Apr 2017 20:08:01 GMT',
27 verbose headers   via: '1.1 varnish',
27 verbose headers   connection: 'keep-alive',
27 verbose headers   'x-served-by': 'cache-sea1032-SEA',
27 verbose headers   'x-cache': 'MISS',
27 verbose headers   'x-cache-hits': '0',
27 verbose headers   'x-timer': 'S1491509282.728616,VS0,VE87',
27 verbose headers   vary: 'Accept-Encoding' }
28 silly get cb [ 200,
28 silly get   { 'content-type': 'application/json',
28 silly get     server: 'nginx/1.10.1',
28 silly get     'last-modified': 'Thu, 06 Apr 2017 20:07:52 GMT',
28 silly get     etag: 'W/"58e6a018-536e"',
28 silly get     'content-encoding': 'gzip',
28 silly get     'cache-control': 'max-age=0',
28 silly get     'transfer-encoding': 'chunked',
28 silly get     'accept-ranges': 'bytes',
28 silly get     date: 'Thu, 06 Apr 2017 20:08:01 GMT',
28 silly get     via: '1.1 varnish',
28 silly get     connection: 'keep-alive',
28 silly get     'x-served-by': 'cache-sea1032-SEA',
28 silly get     'x-cache': 'MISS',
28 silly get     'x-cache-hits': '0',
28 silly get     'x-timer': 'S1491509282.728616,VS0,VE87',
28 silly get     vary: 'Accept-Encoding' } ]
29 verbose get saving @seabass/eslint-config to /Users/sebastiansandqvist/.npm/registry.npmjs.org/_40seabass_252feslint-config/.cache.json
30 verbose correctMkdir /Users/sebastiansandqvist/.npm correctMkdir not in flight; initializing
31 silly addNameTag next cb for @seabass/eslint-config with tag latest
32 silly addNamed @seabass/eslint-config@1.8.5
33 verbose addNamed "1.8.5" is a plain semver version for @seabass/eslint-config
34 silly cache afterAdd @seabass/eslint-config@1.8.5
35 verbose afterAdd /Users/sebastiansandqvist/.npm/@seabass/eslint-config/1.8.5/package/package.json not in flight; writing
36 verbose correctMkdir /Users/sebastiansandqvist/.npm correctMkdir not in flight; initializing
37 verbose afterAdd /Users/sebastiansandqvist/.npm/@seabass/eslint-config/1.8.5/package/package.json written
38 silly install resolved [ { name: '@seabass/eslint-config',
38 silly install resolved     version: '1.8.5',
38 silly install resolved     description: 'Eslint config for es6',
38 silly install resolved     main: 'index.js',
38 silly install resolved     author: { name: 'sebastian sandqvist' },
38 silly install resolved     license: 'ISC',
38 silly install resolved     devDependencies: { eslint: '2.11.1' },
38 silly install resolved     readme: '# Installable eslint config for es6\n\n## Installation\n```bash\nnpm install --save-dev @seabass/eslint-config\n```\n\n.eslintrc should look like this:\n```javascript\n{ "extends": "@seabass"}\n```',
38 silly install resolved     readmeFilename: 'README.md',
38 silly install resolved     gitHead: '33b2d68bc4fde42e6ab74d782bb451b3addf9208',
38 silly install resolved     _id: '@seabass/eslint-config@1.8.5',
38 silly install resolved     scripts: {},
38 silly install resolved     _shasum: 'a2609c98158c0cf011a7b6dc55d827b2615d7db7',
38 silly install resolved     _from: '@seabass/eslint-config@latest' } ]
39 info install @seabass/eslint-config@1.8.5 into /usr/local/lib
40 info installOne @seabass/eslint-config@1.8.5
41 verbose installOne of @seabass/eslint-config to /usr/local/lib not in flight; installing
42 verbose correctMkdir /Users/sebastiansandqvist/.npm/_locks correctMkdir not in flight; initializing
43 verbose lock using /Users/sebastiansandqvist/.npm/_locks/seabass-eslint-config-4f9ee95e8d3a1d68.lock for /usr/local/lib/node_modules/@seabass/eslint-config
44 silly install write writing @seabass/eslint-config 1.8.5 to /usr/local/lib/node_modules/@seabass/eslint-config
45 verbose unbuild lib/node_modules/@seabass/eslint-config
46 info preuninstall @seabass/eslint-config@1.8.4
47 info uninstall @seabass/eslint-config@1.8.4
48 verbose unbuild rmStuff @seabass/eslint-config@1.8.4 from /usr/local/lib/node_modules
49 verbose unbuild rmStuff in /usr/local/lib/node_modules/@seabass
50 info postuninstall @seabass/eslint-config@1.8.4
51 silly gentlyRm /usr/local/lib/node_modules/@seabass/eslint-config is being purged from base /usr/local
52 verbose gentlyRm don't care about contents; nuking /usr/local/lib/node_modules/@seabass/eslint-config
53 silly vacuum-fs purging /usr/local/lib/node_modules/@seabass/eslint-config
54 silly vacuum-fs removing /usr/local/lib/node_modules/@seabass
55 silly vacuum-fs quitting because other entries in /usr/local/lib/node_modules
56 verbose tar unpack /Users/sebastiansandqvist/.npm/@seabass/eslint-config/1.8.5/package.tgz
57 verbose tar unpacking to /usr/local/lib/node_modules/@seabass/eslint-config
58 silly gentlyRm /usr/local/lib/node_modules/@seabass/eslint-config is being purged
59 verbose gentlyRm don't care about contents; nuking /usr/local/lib/node_modules/@seabass/eslint-config
60 silly gunzTarPerm modes [ '755', '644' ]
61 silly gunzTarPerm extractEntry package.json
62 silly gunzTarPerm extractEntry README.md
63 silly gunzTarPerm extractEntry index.js
64 verbose write writing to /usr/local/lib/node_modules/@seabass/eslint-config/package.json
65 info preinstall @seabass/eslint-config@1.8.5
66 verbose readDependencies loading dependencies from /usr/local/lib/node_modules/@seabass/eslint-config/package.json
67 verbose readDependencies loading dependencies from /usr/local/lib/node_modules/@seabass/eslint-config/package.json
68 silly install resolved []
69 verbose about to build /usr/local/lib/node_modules/@seabass/eslint-config
70 info build /usr/local/lib/node_modules/@seabass/eslint-config
71 info linkStuff @seabass/eslint-config@1.8.5
72 silly linkStuff @seabass/eslint-config@1.8.5 has /usr/local/lib/node_modules as its parent node_modules
73 silly linkStuff @seabass/eslint-config@1.8.5 is part of a global install
74 silly linkStuff @seabass/eslint-config@1.8.5 is installed into a global node_modules
75 silly linkStuff @seabass/eslint-config@1.8.5 is installed into the top-level global node_modules
76 verbose linkBins @seabass/eslint-config@1.8.5
77 verbose linkMans @seabass/eslint-config@1.8.5
78 verbose rebuildBundles @seabass/eslint-config@1.8.5
79 info install @seabass/eslint-config@1.8.5
80 info postinstall @seabass/eslint-config@1.8.5
81 verbose unlock done using /Users/sebastiansandqvist/.npm/_locks/seabass-eslint-config-4f9ee95e8d3a1d68.lock for /usr/local/lib/node_modules/@seabass/eslint-config
82 verbose validateInstall loading /usr/local/lib/package.json for validation
83 warn unmet dependency /usr/local/lib/node_modules/phonegap/node_modules/phonegap-build requires colors@'0.6.x' but will load
83 warn unmet dependency /usr/local/lib/node_modules/phonegap/node_modules/colors,
83 warn unmet dependency which is version 0.6.0-1
84 warn unmet dependency /usr/local/lib/node_modules/phonegap/node_modules/phonegap-build/node_modules/qrcode-terminal requires colors@'*' but will load
84 warn unmet dependency /usr/local/lib/node_modules/phonegap/node_modules/colors,
84 warn unmet dependency which is version 0.6.0-1
85 warn unmet dependency /usr/local/lib/node_modules/phonegap/node_modules/prompt/node_modules/winston requires colors@'0.x.x' but will load
85 warn unmet dependency /usr/local/lib/node_modules/phonegap/node_modules/colors,
85 warn unmet dependency which is version 0.6.0-1
86 warn unmet dependency /usr/local/lib/node_modules/zuul/node_modules/browserify-istanbul requires istanbul@'^0.2.8' but will load
86 warn unmet dependency /usr/local/lib/node_modules/istanbul,
86 warn unmet dependency which is version 0.3.19
87 warn unmet dependency /usr/local/lib/node_modules/zuul/node_modules/istanbul-middleware requires istanbul@'0.2.x' but will load
87 warn unmet dependency /usr/local/lib/node_modules/istanbul,
87 warn unmet dependency which is version 0.3.19
88 warn unmet dependency /usr/local/lib/node_modules/zuul/node_modules/istanbul-middleware/node_modules/findup-sync requires glob@'~4.3.0' but will load
88 warn unmet dependency /usr/local/lib/node_modules/zuul/node_modules/glob,
88 warn unmet dependency which is version 4.5.3
89 verbose stack Error: The package typescript@2.0.3 does not satisfy its siblings' peerDependencies requirements!
89 verbose stack     at /usr/local/lib/node_modules/npm/lib/install.js:125:32
89 verbose stack     at /usr/local/lib/node_modules/npm/lib/install.js:268:7
89 verbose stack     at /usr/local/lib/node_modules/npm/node_modules/read-installed/read-installed.js:142:5
89 verbose stack     at /usr/local/lib/node_modules/npm/node_modules/read-installed/read-installed.js:263:14
89 verbose stack     at cb (/usr/local/lib/node_modules/npm/node_modules/slide/lib/async-map.js:47:24)
89 verbose stack     at /usr/local/lib/node_modules/npm/node_modules/read-installed/read-installed.js:263:14
89 verbose stack     at cb (/usr/local/lib/node_modules/npm/node_modules/slide/lib/async-map.js:47:24)
89 verbose stack     at /usr/local/lib/node_modules/npm/node_modules/read-installed/read-installed.js:263:14
89 verbose stack     at cb (/usr/local/lib/node_modules/npm/node_modules/slide/lib/async-map.js:47:24)
89 verbose stack     at /usr/local/lib/node_modules/npm/node_modules/read-installed/read-installed.js:263:14
90 verbose cwd /Users/sebastiansandqvist/Documents/Sites & Projects/apps/~modules/s-eslint
91 error Darwin 16.1.0
92 error argv "/usr/local/bin/iojs" "/usr/local/bin/npm" "i" "-g" "@seabass/eslint-config"
93 error node v7.5.0
94 error npm  v2.15.11
95 error code EPEERINVALID
96 error peerinvalid The package typescript@2.0.3 does not satisfy its siblings' peerDependencies requirements!
96 error peerinvalid Peer tslint@3.15.1 wants typescript@>=1.7.3
96 error peerinvalid Peer typescript-eslint-parser@0.4.0 wants typescript@^1.7.3
97 verbose exit [ 1, true ]
